<?xml version="1.0" encoding="UTF-8"?>
<!-- Generated by org.testng.reporters.JUnitReportReporter -->
<testsuite skipped="0" hostname="Mahesh-PC" name="com.stc.gitcheck.cicdtest.scripts.PlusMinus" tests="1" failures="0" timestamp="2021-06-11T08:54:37 IST" time="0.032" errors="0">
  <testcase name="f" time="0.032" classname="com.stc.gitcheck.cicdtest.scripts.PlusMinus"/>
</testsuite> <!-- com.stc.gitcheck.cicdtest.scripts.PlusMinus -->
