<?xml version="1.0" encoding="UTF-8"?>
<!-- Generated by org.testng.reporters.JUnitReportReporter -->
<testsuite skipped="0" hostname="Mahesh-PC" name="com.stc.gitcheck.cicdtest.scripts.OpenApplication" tests="2" failures="0" timestamp="2021-06-11T15:38:20 IST" time="31.309" errors="0">
  <testcase name="forgotpassword" time="11.441" classname="com.stc.gitcheck.cicdtest.scripts.OpenApplication"/>
  <system-out/>
  <testcase name="openApplication" time="19.868" classname="com.stc.gitcheck.cicdtest.scripts.OpenApplication"/>
  <system-out/>
</testsuite> <!-- com.stc.gitcheck.cicdtest.scripts.OpenApplication -->
